21:54:43 - INFO - Starting NSE Backend Orchestrator 🚀
21:54:43 - INFO - Initializing NSE Session & Cookies (curl_cffi)...
21:54:43 - INFO - ✅ Cookies established.
21:54:43 - INFO - ✅ Connected to Supabase
21:54:43 - INFO - 
--- Starting Fetch Cycle (Iter 0) ---
21:54:43 - INFO - Fetching All Indices Snapshot...
21:54:44 - INFO - HTTP Request: POST https://uywnylyarazecapuxjvh.supabase.co/rest/v1/market_indices?on_conflict=index_name&columns=%22index_name%22%2C%22high%22%2C%22percent_change%22%2C%22change%22%2C%22updated_at%22%2C%22previous_close%22%2C%22low%22%2C%22last_price%22%2C%22open%22 "HTTP/2 200 OK"
21:54:44 - INFO - ✅ Upserted 2 Indices
21:54:44 - INFO - ✅ Updated 2 indices
21:54:44 - INFO - Fetching Top Gainers...
21:54:44 - INFO - HTTP Request: DELETE https://uywnylyarazecapuxjvh.supabase.co/rest/v1/market_movers?type=eq.gainer "HTTP/2 200 OK"
21:54:44 - INFO - HTTP Request: POST https://uywnylyarazecapuxjvh.supabase.co/rest/v1/market_movers?columns=%22percent_change%22%2C%22price%22%2C%22change%22%2C%22type%22%2C%22last_update_time%22%2C%22symbol%22 "HTTP/2 201 Created"
21:54:44 - INFO - ✅ Upserted 19 Top Gainers
21:54:44 - INFO - Fetching Top Losers...
21:54:44 - INFO - --- Entering Slow Lane ---
21:54:44 - INFO - Fetching Index: NIFTY 500...
21:54:45 - INFO - Fetching NIFTY 500 CSV for Sector Data...
21:54:48 - INFO - ✅ Loaded Sector Map for 501 stocks
21:54:49 - INFO - HTTP Request: POST https://uywnylyarazecapuxjvh.supabase.co/rest/v1/market_equity_quotes?on_conflict=symbol&columns=%22high%22%2C%22percent_change%22%2C%22pchange_30d%22%2C%22pchange_1y%22%2C%22change%22%2C%22sector%22%2C%22company_name%22%2C%22previous_close%22%2C%22last_update_time%22%2C%22low%22%2C%22last_price%22%2C%22total_traded_volume%22%2C%22symbol%22%2C%22open%22%2C%22industry%22 "HTTP/2 400 Bad Request"
21:54:49 - ERROR - ❌ Error upserting bulk equities: {'message': "Could not find the 'pchange_1y' column of 'market_equity_quotes' in the schema cache", 'code': 'PGRST204', 'hint': None, 'details': None}
21:54:49 - INFO - ✅ Updated 501 stocks (NIFTY 500)
21:54:49 - INFO - Fetching Option Chain for NIFTY...
21:54:49 - ERROR - ❌ Failed to fetch Option Chain for NIFTY
21:54:49 - INFO - Fetching Option Chain for BANKNIFTY...
21:54:49 - ERROR - ❌ Failed to fetch Option Chain for BANKNIFTY
21:54:49 - INFO - --- Slow Lane Complete ---
21:54:49 - INFO - HTTP Request: POST https://uywnylyarazecapuxjvh.supabase.co/rest/v1/rpc/get_target_symbols_for_fundamentals "HTTP/2 200 OK"
21:54:49 - INFO - Fetching Fundamentals for 360ONE from Screener.in...
21:54:52 - INFO - Trying with chrome110...
21:55:22 - ERROR - ❌ Error fetching 360ONE with chrome110: Failed to perform, curl: (28) Connection timed out after 30001 milliseconds. See https://curl.se/libcurl/c/libcurl-errors.html first for more details.
21:55:23 - INFO - Trying with chrome120...
21:55:53 - ERROR - ❌ Error fetching 360ONE with chrome120: Failed to perform, curl: (28) Connection timed out after 30000 milliseconds. See https://curl.se/libcurl/c/libcurl-errors.html first for more details.
21:55:54 - INFO - Trying with safari15_3...
21:56:24 - ERROR - ❌ Error fetching 360ONE with safari15_3: Failed to perform, curl: (28) Connection timed out after 30002 milliseconds. See https://curl.se/libcurl/c/libcurl-errors.html first for more details.
21:56:24 - ERROR - ❌ Failed to fetch fundamentals for 360ONE
21:56:24 - INFO - --- Very Slow Lane Complete (Updated 1) ---
21:56:24 - INFO - Single cycle complete. Exiting (GitHub Actions Mode).
